INFO: [VRFC 10-2263] Analyzing Verilog file "C:/Users/Srijan Mukhopadhyay/OneDrive/Desktop/FPGA/project_fpgacomp/project_fpgacomp.gen/sources_1/ip/blk_mem_gen_0/sim/blk_mem_gen_0.v" into library xil_defaultlib
INFO: [VRFC 10-311] analyzing module blk_mem_gen_0
INFO: [VRFC 10-2263] Analyzing Verilog file "C:/Users/Srijan Mukhopadhyay/OneDrive/Desktop/FPGA/project_fpgacomp/project_fpgacomp.srcs/sources_1/new/argmax_out.v" into library xil_defaultlib
INFO: [VRFC 10-311] analyzing module argmax_out
INFO: [VRFC 10-2263] Analyzing Verilog file "C:/Users/Srijan Mukhopadhyay/OneDrive/Desktop/FPGA/project_fpgacomp/project_fpgacomp.srcs/sources_1/new/conv1d_engine.v" into library xil_defaultlib
INFO: [VRFC 10-311] analyzing module conv1d_engine
INFO: [VRFC 10-2263] Analyzing Verilog file "C:/Users/Srijan Mukhopadhyay/OneDrive/Desktop/FPGA/project_fpgacomp/project_fpgacomp.srcs/sources_1/new/fc_layer.v" into library xil_defaultlib
INFO: [VRFC 10-311] analyzing module fc_layer
INFO: [VRFC 10-2263] Analyzing Verilog file "C:/Users/Srijan Mukhopadhyay/OneDrive/Desktop/FPGA/project_fpgacomp/project_fpgacomp.srcs/sources_1/new/gap_unit.v" into library xil_defaultlib
INFO: [VRFC 10-311] analyzing module gap_unit
INFO: [VRFC 10-2263] Analyzing Verilog file "C:/Users/Srijan Mukhopadhyay/OneDrive/Desktop/FPGA/project_fpgacomp/project_fpgacomp.srcs/sources_1/new/input_buffer.v" into library xil_defaultlib
INFO: [VRFC 10-311] analyzing module input_buffer
INFO: [VRFC 10-2263] Analyzing Verilog file "C:/Users/Srijan Mukhopadhyay/OneDrive/Desktop/FPGA/project_fpgacomp/project_fpgacomp.srcs/sources_1/new/proj_conv.v" into library xil_defaultlib
INFO: [VRFC 10-311] analyzing module proj_conv
INFO: [VRFC 10-2263] Analyzing Verilog file "C:/Users/Srijan Mukhopadhyay/OneDrive/Desktop/FPGA/project_fpgacomp/project_fpgacomp.srcs/sources_1/new/radarnet_top.v" into library xil_defaultlib
INFO: [VRFC 10-311] analyzing module radarnet_top
WARNING: [VRFC 10-3380] identifier 'rb2c1_fin_addr' is used before its declaration [C:/Users/Srijan Mukhopadhyay/OneDrive/Desktop/FPGA/project_fpgacomp/project_fpgacomp.srcs/sources_1/new/radarnet_top.v:112]
WARNING: [VRFC 10-3380] identifier 'gap_fin_addr' is used before its declaration [C:/Users/Srijan Mukhopadhyay/OneDrive/Desktop/FPGA/project_fpgacomp/project_fpgacomp.srcs/sources_1/new/radarnet_top.v:152]
INFO: [VRFC 10-2263] Analyzing Verilog file "C:/Users/Srijan Mukhopadhyay/OneDrive/Desktop/FPGA/project_fpgacomp/project_fpgacomp.srcs/sources_1/new/weight_rom.v" into library xil_defaultlib
INFO: [VRFC 10-311] analyzing module weight_rom
INFO: [VRFC 10-2263] Analyzing Verilog file "C:/Users/Srijan Mukhopadhyay/OneDrive/Desktop/FPGA/project_fpgacomp/project_fpgacomp.srcs/sim_1/new/tb_radarnet.v" into library xil_defaultlib
WARNING: [VRFC 10-8658] /* is inside a comment [C:/Users/Srijan Mukhopadhyay/OneDrive/Desktop/FPGA/project_fpgacomp/project_fpgacomp.srcs/sim_1/new/tb_radarnet.v:34]
INFO: [VRFC 10-311] analyzing module tb_radarnet
