Vivado Simulator v2025.2
Copyright 1986-2022 Xilinx, Inc. All Rights Reserved.
Copyright 2022-2025 Advanced Micro Devices, Inc. All Rights Reserved.
Running: C:/AMDDesignTools/2025.2/Vivado/bin/unwrapped/win64.o/xelab.exe --incr --debug typical --relax --mt 2 -L xil_defaultlib -L blk_mem_gen_v8_4_12 -L unisims_ver -L unimacro_ver -L secureip -L xpm --snapshot tb_radarnet_behav xil_defaultlib.tb_radarnet xil_defaultlib.glbl -log elaborate.log 
Using 2 slave threads.
Starting static elaboration
Pass Through NonSizing Optimizer
Completed static elaboration
Starting simulation data flow analysis
Completed simulation data flow analysis
Time Resolution for simulation is 1ps
Compiling module blk_mem_gen_v8_4_12.blk_mem_gen_v8_4_12_output_stage...
Compiling module blk_mem_gen_v8_4_12.blk_mem_gen_v8_4_12_softecc_outp...
Compiling module blk_mem_gen_v8_4_12.blk_mem_gen_v8_4_12_mem_module(C...
Compiling module blk_mem_gen_v8_4_12.blk_mem_gen_v8_4_12(C_FAMILY="zy...
Compiling module xil_defaultlib.blk_mem_gen_0
Compiling module xil_defaultlib.weight_rom
Compiling module xil_defaultlib.input_buffer
Compiling module xil_defaultlib.conv1d_engine(RELU_EN=1)
Compiling module xil_defaultlib.conv1d_engine(IN_CHANNELS=16,OUT...
Compiling module xil_defaultlib.conv1d_engine(IN_CHANNELS=32,OUT...
Compiling module xil_defaultlib.conv1d_engine(IN_CHANNELS=32,OUT...
Compiling module xil_defaultlib.conv1d_engine(IN_CHANNELS=32,OUT...
Compiling module xil_defaultlib.conv1d_engine(IN_CHANNELS=64,OUT...
Compiling module xil_defaultlib.proj_conv_default
Compiling module xil_defaultlib.gap_unit
Compiling module xil_defaultlib.fc_layer
Compiling module xil_defaultlib.argmax_out
Compiling module xil_defaultlib.radarnet_top
Compiling module xil_defaultlib.tb_radarnet
Compiling module xil_defaultlib.glbl
Built simulation snapshot tb_radarnet_behav
